   1               		.file	"ssd1306xledtx.c"
   2               	__SP_H__ = 0x3e
   3               	__SP_L__ = 0x3d
   4               	__SREG__ = 0x3f
   5               	__tmp_reg__ = 0
   6               	__zero_reg__ = 1
   7               		.text
   8               	.Ltext0:
   9               		.cfi_sections	.debug_frame
  10               	.global	ssd1306tx_init
  12               	ssd1306tx_init:
  13               	.LVL0:
  14               	.LFB5:
  15               		.file 1 "ssd1306xledtx.c"
   1:ssd1306xledtx.c **** /**
   2:ssd1306xledtx.c ****  * SSD1306xLED - Library for the SSD1306 based OLED/PLED 128x64 displays
   3:ssd1306xledtx.c ****  *
   4:ssd1306xledtx.c ****  * @author Neven Boyanov
   5:ssd1306xledtx.c ****  *
   6:ssd1306xledtx.c ****  * This is part of the Tinusaur/SSD1306xLED project.
   7:ssd1306xledtx.c ****  *
   8:ssd1306xledtx.c ****  * Copyright (c) 2018 Neven Boyanov, The Tinusaur Team. All Rights Reserved.
   9:ssd1306xledtx.c ****  * Distributed as open source software under MIT License, see LICENSE.txt file.
  10:ssd1306xledtx.c ****  * Retain in your source code the link http://tinusaur.org to the Tinusaur project.
  11:ssd1306xledtx.c ****  *
  12:ssd1306xledtx.c ****  * Source code available at: https://bitbucket.org/tinusaur/ssd1306xled
  13:ssd1306xledtx.c ****  *
  14:ssd1306xledtx.c ****  */
  15:ssd1306xledtx.c **** 
  16:ssd1306xledtx.c **** // ============================================================================
  17:ssd1306xledtx.c **** 
  18:ssd1306xledtx.c **** #include <stdlib.h>
  19:ssd1306xledtx.c **** #include <avr/io.h>
  20:ssd1306xledtx.c **** #include <avr/pgmspace.h>
  21:ssd1306xledtx.c **** 
  22:ssd1306xledtx.c **** #include "num2str.h"
  23:ssd1306xledtx.c **** 
  24:ssd1306xledtx.c **** #include "ssd1306xled.h"
  25:ssd1306xledtx.c **** #include "ssd1306xledtx.h"
  26:ssd1306xledtx.c **** 
  27:ssd1306xledtx.c **** // ----------------------------------------------------------------------------
  28:ssd1306xledtx.c **** 
  29:ssd1306xledtx.c **** extern void ssd1306_start_data(void);	// Initiate transmission of data
  30:ssd1306xledtx.c **** extern void ssd1306_data_byte(uint8_t);	// Transmission 1 byte of data
  31:ssd1306xledtx.c **** extern void ssd1306_stop(void);			// Finish transmission
  32:ssd1306xledtx.c **** 
  33:ssd1306xledtx.c **** // ----------------------------------------------------------------------------
  34:ssd1306xledtx.c **** 
  35:ssd1306xledtx.c **** const uint8_t *ssd1306tx_font_src;
  36:ssd1306xledtx.c **** uint8_t ssd1306tx_font_char_base;
  37:ssd1306xledtx.c **** 
  38:ssd1306xledtx.c **** // ----------------------------------------------------------------------------
  39:ssd1306xledtx.c **** 
  40:ssd1306xledtx.c **** void ssd1306tx_init(const uint8_t *fron_src, uint8_t char_base) {
  16               		.loc 1 40 65 view -0
  17               		.cfi_startproc
  18               	/* prologue: function */
  19               	/* frame size = 0 */
  20               	/* stack size = 0 */
  21               	.L__stack_usage = 0
  41:ssd1306xledtx.c **** 	ssd1306tx_font_src = fron_src;
  22               		.loc 1 41 2 view .LVU1
  23               		.loc 1 41 21 is_stmt 0 view .LVU2
  24 0000 9093 0000 		sts ssd1306tx_font_src+1,r25
  25 0004 8093 0000 		sts ssd1306tx_font_src,r24
  42:ssd1306xledtx.c **** 	ssd1306tx_font_char_base = char_base;
  26               		.loc 1 42 2 is_stmt 1 view .LVU3
  27               		.loc 1 42 27 is_stmt 0 view .LVU4
  28 0008 6093 0000 		sts ssd1306tx_font_char_base,r22
  29               	/* epilogue start */
  43:ssd1306xledtx.c **** }
  30               		.loc 1 43 1 view .LVU5
  31 000c 0895      		ret
  32               		.cfi_endproc
  33               	.LFE5:
  35               	.global	ssd1306tx_char
  37               	ssd1306tx_char:
  38               	.LVL1:
  39               	.LFB6:
  44:ssd1306xledtx.c **** 
  45:ssd1306xledtx.c **** // ----------------------------------------------------------------------------
  46:ssd1306xledtx.c **** 
  47:ssd1306xledtx.c **** void ssd1306tx_char(char ch) {
  40               		.loc 1 47 30 is_stmt 1 view -0
  41               		.cfi_startproc
  42               		.loc 1 47 30 is_stmt 0 view .LVU7
  43 000e 0F93      		push r16
  44               	.LCFI0:
  45               		.cfi_def_cfa_offset 3
  46               		.cfi_offset 16, -2
  47 0010 1F93      		push r17
  48               	.LCFI1:
  49               		.cfi_def_cfa_offset 4
  50               		.cfi_offset 17, -3
  51 0012 CF93      		push r28
  52               	.LCFI2:
  53               		.cfi_def_cfa_offset 5
  54               		.cfi_offset 28, -4
  55 0014 DF93      		push r29
  56               	.LCFI3:
  57               		.cfi_def_cfa_offset 6
  58               		.cfi_offset 29, -5
  59               	/* prologue: function */
  60               	/* frame size = 0 */
  61               	/* stack size = 4 */
  62               	.L__stack_usage = 4
  48:ssd1306xledtx.c **** 	uint16_t j = (ch << 2) + (ch << 1) - 192; // Equiv.: j=(ch-32)*6 <== Convert ASCII code to font da
  63               		.loc 1 48 2 is_stmt 1 view .LVU8
  64               		.loc 1 48 19 is_stmt 0 view .LVU9
  65 0016 90E0      		ldi r25,0
  66 0018 EC01      		movw r28,r24
  67 001a CC0F      		lsl r28
  68 001c DD1F      		rol r29
  69 001e CC0F      		lsl r28
  70 0020 DD1F      		rol r29
  71               		.loc 1 48 31 view .LVU10
  72 0022 880F      		lsl r24
  73 0024 991F      		rol r25
  74               	.LVL2:
  75               		.loc 1 48 25 view .LVU11
  76 0026 C80F      		add r28,r24
  77 0028 D91F      		adc r29,r25
  78               		.loc 1 48 37 view .LVU12
  79 002a 8E01      		movw r16,r28
  80 002c 005C      		subi r16,-64
  81 002e 1109      		sbc r17,__zero_reg__
  82               	.LVL3:
  49:ssd1306xledtx.c **** 	ssd1306_start_data();
  83               		.loc 1 49 2 is_stmt 1 view .LVU13
  84 0030 00D0      		rcall ssd1306_start_data
  85               	.LVL4:
  50:ssd1306xledtx.c **** 	for (uint8_t i = 0; i < 6; i++) {
  86               		.loc 1 50 2 view .LVU14
  87               	.LBB2:
  88               		.loc 1 50 7 view .LVU15
  89               		.loc 1 50 7 is_stmt 0 view .LVU16
  90 0032 CA5B      		subi r28,-70
  91 0034 D109      		sbc r29,__zero_reg__
  92               	.LVL5:
  93               	.L3:
  51:ssd1306xledtx.c **** 		ssd1306_data_byte(pgm_read_byte(&ssd1306tx_font_src[j + i]));
  94               		.loc 1 51 3 is_stmt 1 discriminator 3 view .LVU17
  95               	.LBB3:
  96               		.loc 1 51 37 discriminator 3 view .LVU18
  97               		.loc 1 51 24 discriminator 3 view .LVU19
  98               		.loc 1 51 42 discriminator 3 view .LVU20
  99               		.loc 1 51 20 is_stmt 0 discriminator 3 view .LVU21
 100 0036 E091 0000 		lds r30,ssd1306tx_font_src
 101 003a F091 0000 		lds r31,ssd1306tx_font_src+1
 102 003e E00F      		add r30,r16
 103 0040 F11F      		adc r31,r17
 104               	.LVL6:
 105               		.loc 1 51 42 discriminator 3 view .LVU22
 106               	/* #APP */
 107               	 ;  51 "ssd1306xledtx.c" 1
 108 0042 8491      		lpm r24, Z
 109               		
 110               	 ;  0 "" 2
 111               	.LVL7:
 112               		.loc 1 51 122 is_stmt 1 discriminator 3 view .LVU23
 113               	/* #NOAPP */
 114               	.LBE3:
 115               		.loc 1 51 3 is_stmt 0 discriminator 3 view .LVU24
 116 0044 00D0      		rcall ssd1306_data_byte
 117               	.LVL8:
 118               		.loc 1 51 3 discriminator 3 view .LVU25
 119 0046 0F5F      		subi r16,-1
 120 0048 1F4F      		sbci r17,-1
 121               	.LVL9:
  50:ssd1306xledtx.c **** 	for (uint8_t i = 0; i < 6; i++) {
 122               		.loc 1 50 2 discriminator 3 view .LVU26
 123 004a 0C17      		cp r16,r28
 124 004c 1D07      		cpc r17,r29
 125 004e 01F4      		brne .L3
 126               	.LBE2:
  52:ssd1306xledtx.c **** 	}
  53:ssd1306xledtx.c **** 	ssd1306_stop();
 127               		.loc 1 53 2 is_stmt 1 view .LVU27
 128               	/* epilogue start */
  54:ssd1306xledtx.c **** }
 129               		.loc 1 54 1 is_stmt 0 view .LVU28
 130 0050 DF91      		pop r29
 131 0052 CF91      		pop r28
 132               	.LVL10:
 133               		.loc 1 54 1 view .LVU29
 134 0054 1F91      		pop r17
 135 0056 0F91      		pop r16
  53:ssd1306xledtx.c **** }
 136               		.loc 1 53 2 view .LVU30
 137 0058 00C0      		rjmp ssd1306_stop
 138               	.LVL11:
 139               		.cfi_endproc
 140               	.LFE6:
 142               	.global	ssd1306tx_string
 144               	ssd1306tx_string:
 145               	.LVL12:
 146               	.LFB7:
  55:ssd1306xledtx.c **** 
  56:ssd1306xledtx.c **** void ssd1306tx_string(char *s) {
 147               		.loc 1 56 32 is_stmt 1 view -0
 148               		.cfi_startproc
 149               		.loc 1 56 32 is_stmt 0 view .LVU32
 150 005a CF93      		push r28
 151               	.LCFI4:
 152               		.cfi_def_cfa_offset 3
 153               		.cfi_offset 28, -2
 154 005c DF93      		push r29
 155               	.LCFI5:
 156               		.cfi_def_cfa_offset 4
 157               		.cfi_offset 29, -3
 158               	/* prologue: function */
 159               	/* frame size = 0 */
 160               	/* stack size = 2 */
 161               	.L__stack_usage = 2
 162 005e EC01      		movw r28,r24
  57:ssd1306xledtx.c **** 	while (*s) {
 163               		.loc 1 57 2 is_stmt 1 view .LVU33
 164               	.LVL13:
 165               	.L6:
 166               		.loc 1 57 9 is_stmt 0 view .LVU34
 167 0060 8991      		ld r24,Y+
 168               	.LVL14:
 169               		.loc 1 57 8 view .LVU35
 170 0062 8111      		cpse r24,__zero_reg__
 171 0064 00C0      		rjmp .L7
 172               	/* epilogue start */
  58:ssd1306xledtx.c **** 		ssd1306tx_char(*s++);
  59:ssd1306xledtx.c **** 	}
  60:ssd1306xledtx.c **** }
 173               		.loc 1 60 1 view .LVU36
 174 0066 DF91      		pop r29
 175 0068 CF91      		pop r28
 176               	.LVL15:
 177               		.loc 1 60 1 view .LVU37
 178 006a 0895      		ret
 179               	.LVL16:
 180               	.L7:
  58:ssd1306xledtx.c **** 		ssd1306tx_char(*s++);
 181               		.loc 1 58 3 is_stmt 1 view .LVU38
  58:ssd1306xledtx.c **** 		ssd1306tx_char(*s++);
 182               		.loc 1 58 3 is_stmt 0 view .LVU39
 183 006c 00D0      		rcall ssd1306tx_char
 184               	.LVL17:
 185 006e 00C0      		rjmp .L6
 186               		.cfi_endproc
 187               	.LFE7:
 189               	.global	ssd1306tx_numdec
 191               	ssd1306tx_numdec:
 192               	.LVL18:
 193               	.LFB8:
  61:ssd1306xledtx.c **** 
  62:ssd1306xledtx.c **** // ----------------------------------------------------------------------------
  63:ssd1306xledtx.c **** 
  64:ssd1306xledtx.c **** char ssd1306_numdec_buffer[USINT2DECASCII_MAX_DIGITS + 1];
  65:ssd1306xledtx.c **** 
  66:ssd1306xledtx.c **** void ssd1306tx_numdec(uint16_t num) {
 194               		.loc 1 66 37 is_stmt 1 view -0
 195               		.cfi_startproc
 196               	/* prologue: function */
 197               	/* frame size = 0 */
 198               	/* stack size = 0 */
 199               	.L__stack_usage = 0
  67:ssd1306xledtx.c **** 	ssd1306_numdec_buffer[USINT2DECASCII_MAX_DIGITS] = '\0';   // Terminate the string.
 200               		.loc 1 67 2 view .LVU41
 201               		.loc 1 67 27 is_stmt 0 view .LVU42
 202 0070 1092 0000 		sts ssd1306_numdec_buffer+5,__zero_reg__
  68:ssd1306xledtx.c **** 	uint8_t digits = usint2decascii(num, ssd1306_numdec_buffer);
 203               		.loc 1 68 2 is_stmt 1 view .LVU43
 204               		.loc 1 68 19 is_stmt 0 view .LVU44
 205 0074 60E0      		ldi r22,lo8(ssd1306_numdec_buffer)
 206 0076 70E0      		ldi r23,hi8(ssd1306_numdec_buffer)
 207 0078 00D0      		rcall usint2decascii
 208               	.LVL19:
  69:ssd1306xledtx.c **** 	ssd1306tx_string(ssd1306_numdec_buffer + digits);
 209               		.loc 1 69 2 is_stmt 1 view .LVU45
 210 007a 90E0      		ldi r25,0
 211 007c 8050      		subi r24,lo8(-(ssd1306_numdec_buffer))
 212 007e 9040      		sbci r25,hi8(-(ssd1306_numdec_buffer))
 213               	.LVL20:
 214               		.loc 1 69 2 is_stmt 0 view .LVU46
 215 0080 00C0      		rjmp ssd1306tx_string
 216               	.LVL21:
 217               		.cfi_endproc
 218               	.LFE8:
 220               	.global	ssd1306tx_numdecp
 222               	ssd1306tx_numdecp:
 223               	.LVL22:
 224               	.LFB9:
  70:ssd1306xledtx.c **** }
  71:ssd1306xledtx.c **** 
  72:ssd1306xledtx.c **** void ssd1306tx_numdecp(uint16_t num) {
 225               		.loc 1 72 38 is_stmt 1 view -0
 226               		.cfi_startproc
 227               	/* prologue: function */
 228               	/* frame size = 0 */
 229               	/* stack size = 0 */
 230               	.L__stack_usage = 0
  73:ssd1306xledtx.c **** 	ssd1306_numdec_buffer[USINT2DECASCII_MAX_DIGITS] = '\0';   // Terminate the string.
 231               		.loc 1 73 2 view .LVU48
 232               		.loc 1 73 27 is_stmt 0 view .LVU49
 233 0082 1092 0000 		sts ssd1306_numdec_buffer+5,__zero_reg__
  74:ssd1306xledtx.c **** 	usint2decascii(num, ssd1306_numdec_buffer);
 234               		.loc 1 74 2 is_stmt 1 view .LVU50
 235 0086 60E0      		ldi r22,lo8(ssd1306_numdec_buffer)
 236 0088 70E0      		ldi r23,hi8(ssd1306_numdec_buffer)
 237 008a 00D0      		rcall usint2decascii
 238               	.LVL23:
  75:ssd1306xledtx.c **** 	ssd1306tx_string(ssd1306_numdec_buffer);
 239               		.loc 1 75 2 view .LVU51
 240 008c 80E0      		ldi r24,lo8(ssd1306_numdec_buffer)
 241 008e 90E0      		ldi r25,hi8(ssd1306_numdec_buffer)
 242 0090 00C0      		rjmp ssd1306tx_string
 243               	.LVL24:
 244               		.cfi_endproc
 245               	.LFE9:
 247               	.global	ssd1306tx_stringxy
 249               	ssd1306tx_stringxy:
 250               	.LVL25:
 251               	.LFB10:
  76:ssd1306xledtx.c **** }
  77:ssd1306xledtx.c **** 
  78:ssd1306xledtx.c **** // ----------------------------------------------------------------------------
  79:ssd1306xledtx.c **** 
  80:ssd1306xledtx.c **** void ssd1306tx_stringxy(const uint8_t *fron_src, uint8_t x, uint8_t y, const char s[]) {
 252               		.loc 1 80 88 view -0
 253               		.cfi_startproc
 254               		.loc 1 80 88 is_stmt 0 view .LVU53
 255 0092 8F92      		push r8
 256               	.LCFI6:
 257               		.cfi_def_cfa_offset 3
 258               		.cfi_offset 8, -2
 259 0094 9F92      		push r9
 260               	.LCFI7:
 261               		.cfi_def_cfa_offset 4
 262               		.cfi_offset 9, -3
 263 0096 AF92      		push r10
 264               	.LCFI8:
 265               		.cfi_def_cfa_offset 5
 266               		.cfi_offset 10, -4
 267 0098 BF92      		push r11
 268               	.LCFI9:
 269               		.cfi_def_cfa_offset 6
 270               		.cfi_offset 11, -5
 271 009a CF92      		push r12
 272               	.LCFI10:
 273               		.cfi_def_cfa_offset 7
 274               		.cfi_offset 12, -6
 275 009c EF92      		push r14
 276               	.LCFI11:
 277               		.cfi_def_cfa_offset 8
 278               		.cfi_offset 14, -7
 279 009e FF92      		push r15
 280               	.LCFI12:
 281               		.cfi_def_cfa_offset 9
 282               		.cfi_offset 15, -8
 283 00a0 0F93      		push r16
 284               	.LCFI13:
 285               		.cfi_def_cfa_offset 10
 286               		.cfi_offset 16, -9
 287 00a2 1F93      		push r17
 288               	.LCFI14:
 289               		.cfi_def_cfa_offset 11
 290               		.cfi_offset 17, -10
 291 00a4 CF93      		push r28
 292               	.LCFI15:
 293               		.cfi_def_cfa_offset 12
 294               		.cfi_offset 28, -11
 295 00a6 DF93      		push r29
 296               	.LCFI16:
 297               		.cfi_def_cfa_offset 13
 298               		.cfi_offset 29, -12
 299               	/* prologue: function */
 300               	/* frame size = 0 */
 301               	/* stack size = 11 */
 302               	.L__stack_usage = 11
 303 00a8 7C01      		movw r14,r24
 304 00aa 162F      		mov r17,r22
 305 00ac C42E      		mov r12,r20
 306 00ae 5901      		movw r10,r18
  81:ssd1306xledtx.c **** 	uint16_t j, k = 0;
 307               		.loc 1 81 2 is_stmt 1 view .LVU54
 308               	.LVL26:
  82:ssd1306xledtx.c **** 	while (s[k] != '\0') {
 309               		.loc 1 82 2 view .LVU55
 310               	.L11:
 311               		.loc 1 82 10 is_stmt 0 view .LVU56
 312 00b0 F501      		movw r30,r10
 313 00b2 C191      		ld r28,Z+
 314 00b4 5F01      		movw r10,r30
 315               	.LVL27:
 316               		.loc 1 82 8 view .LVU57
 317 00b6 C111      		cpse r28,__zero_reg__
 318 00b8 00C0      		rjmp .L15
 319               	/* epilogue start */
  83:ssd1306xledtx.c **** 		j = s[k] * 16 - (32 * 16); // Convert ASCII code to font data index. NOTE: (x*16) already optimiz
  84:ssd1306xledtx.c **** 		if (x > 120) {
  85:ssd1306xledtx.c **** 			x = 0;    // Go to the next line.
  86:ssd1306xledtx.c **** 			y++;
  87:ssd1306xledtx.c **** 		}
  88:ssd1306xledtx.c **** 		ssd1306_setpos(x, y);
  89:ssd1306xledtx.c **** 		ssd1306_start_data();
  90:ssd1306xledtx.c **** 		for (uint8_t i = 0; i < 8; i++) {
  91:ssd1306xledtx.c **** 			ssd1306_data_byte(pgm_read_byte(&fron_src[j + i]));
  92:ssd1306xledtx.c **** 		}
  93:ssd1306xledtx.c **** 		ssd1306_stop();
  94:ssd1306xledtx.c **** 		ssd1306_setpos(x, y + 1);
  95:ssd1306xledtx.c **** 		ssd1306_start_data();
  96:ssd1306xledtx.c **** 		for (uint8_t i = 0; i < 8; i++) {
  97:ssd1306xledtx.c **** 			ssd1306_data_byte(pgm_read_byte(&fron_src[j + i + 8]));
  98:ssd1306xledtx.c **** 		}
  99:ssd1306xledtx.c **** 		ssd1306_stop();
 100:ssd1306xledtx.c **** 		x += 8;
 101:ssd1306xledtx.c **** 		k++;
 102:ssd1306xledtx.c **** 	}
 103:ssd1306xledtx.c **** }
 320               		.loc 1 103 1 view .LVU58
 321 00ba DF91      		pop r29
 322 00bc CF91      		pop r28
 323 00be 1F91      		pop r17
 324               	.LVL28:
 325               		.loc 1 103 1 view .LVU59
 326 00c0 0F91      		pop r16
 327 00c2 FF90      		pop r15
 328 00c4 EF90      		pop r14
 329               	.LVL29:
 330               		.loc 1 103 1 view .LVU60
 331 00c6 CF90      		pop r12
 332               	.LVL30:
 333               		.loc 1 103 1 view .LVU61
 334 00c8 BF90      		pop r11
 335 00ca AF90      		pop r10
 336               	.LVL31:
 337               		.loc 1 103 1 view .LVU62
 338 00cc 9F90      		pop r9
 339 00ce 8F90      		pop r8
 340 00d0 0895      		ret
 341               	.LVL32:
 342               	.L15:
  83:ssd1306xledtx.c **** 		j = s[k] * 16 - (32 * 16); // Convert ASCII code to font data index. NOTE: (x*16) already optimiz
 343               		.loc 1 83 3 is_stmt 1 view .LVU63
  83:ssd1306xledtx.c **** 		j = s[k] * 16 - (32 * 16); // Convert ASCII code to font data index. NOTE: (x*16) already optimiz
 344               		.loc 1 83 17 is_stmt 0 view .LVU64
 345 00d2 C052      		subi r28,32
 346 00d4 DD0B      		sbc r29,r29
 347 00d6 84E0      		ldi r24,4
 348               		1:
 349 00d8 CC0F      		lsl r28
 350 00da DD1F      		rol r29
 351 00dc 8A95      		dec r24
 352 00de 01F4      		brne 1b
 353               	.LVL33:
  84:ssd1306xledtx.c **** 			x = 0;    // Go to the next line.
 354               		.loc 1 84 3 is_stmt 1 view .LVU65
  84:ssd1306xledtx.c **** 			x = 0;    // Go to the next line.
 355               		.loc 1 84 6 is_stmt 0 view .LVU66
 356 00e0 1937      		cpi r17,lo8(121)
 357 00e2 00F0      		brlo .L12
 358 00e4 C394      		inc r12
 359               	.LVL34:
  85:ssd1306xledtx.c **** 			y++;
 360               		.loc 1 85 6 view .LVU67
 361 00e6 10E0      		ldi r17,0
 362               	.LVL35:
 363               	.L12:
  88:ssd1306xledtx.c **** 		ssd1306_start_data();
 364               		.loc 1 88 3 is_stmt 1 view .LVU68
 365 00e8 6C2D      		mov r22,r12
 366 00ea 812F      		mov r24,r17
 367 00ec 00D0      		rcall ssd1306_setpos
 368               	.LVL36:
  89:ssd1306xledtx.c **** 		for (uint8_t i = 0; i < 8; i++) {
 369               		.loc 1 89 3 view .LVU69
 370 00ee 00D0      		rcall ssd1306_start_data
 371               	.LVL37:
  90:ssd1306xledtx.c **** 			ssd1306_data_byte(pgm_read_byte(&fron_src[j + i]));
 372               		.loc 1 90 3 view .LVU70
 373               	.LBB4:
  90:ssd1306xledtx.c **** 			ssd1306_data_byte(pgm_read_byte(&fron_src[j + i]));
 374               		.loc 1 90 8 view .LVU71
  90:ssd1306xledtx.c **** 			ssd1306_data_byte(pgm_read_byte(&fron_src[j + i]));
 375               		.loc 1 90 8 is_stmt 0 view .LVU72
 376 00f0 4701      		movw r8,r14
 377 00f2 8C0E      		add r8,r28
 378 00f4 9D1E      		adc r9,r29
 379               	.LBE4:
  89:ssd1306xledtx.c **** 		for (uint8_t i = 0; i < 8; i++) {
 380               		.loc 1 89 3 view .LVU73
 381 00f6 08E0      		ldi r16,lo8(8)
 382               	.LVL38:
 383               	.L13:
 384               	.LBB6:
  91:ssd1306xledtx.c **** 		}
 385               		.loc 1 91 4 is_stmt 1 discriminator 3 view .LVU74
 386               	.LBB5:
  91:ssd1306xledtx.c **** 		}
 387               		.loc 1 91 38 discriminator 3 view .LVU75
  91:ssd1306xledtx.c **** 		}
 388               		.loc 1 91 25 discriminator 3 view .LVU76
  91:ssd1306xledtx.c **** 		}
 389               		.loc 1 91 43 discriminator 3 view .LVU77
 390 00f8 F401      		movw r30,r8
 391               	/* #APP */
 392               	 ;  91 "ssd1306xledtx.c" 1
 393 00fa 8491      		lpm r24, Z
 394               		
 395               	 ;  0 "" 2
 396               	.LVL39:
  91:ssd1306xledtx.c **** 		}
 397               		.loc 1 91 123 discriminator 3 view .LVU78
 398               	/* #NOAPP */
 399               	.LBE5:
  91:ssd1306xledtx.c **** 		}
 400               		.loc 1 91 4 is_stmt 0 discriminator 3 view .LVU79
 401 00fc 00D0      		rcall ssd1306_data_byte
 402               	.LVL40:
  91:ssd1306xledtx.c **** 		}
 403               		.loc 1 91 4 discriminator 3 view .LVU80
 404 00fe 0150      		subi r16,lo8(-(-1))
 405 0100 FFEF      		ldi r31,-1
 406 0102 8F1A      		sub r8,r31
 407 0104 9F0A      		sbc r9,r31
 408               	.LVL41:
  90:ssd1306xledtx.c **** 			ssd1306_data_byte(pgm_read_byte(&fron_src[j + i]));
 409               		.loc 1 90 3 discriminator 3 view .LVU81
 410 0106 0111      		cpse r16,__zero_reg__
 411 0108 00C0      		rjmp .L13
 412               	.LBE6:
  93:ssd1306xledtx.c **** 		ssd1306_setpos(x, y + 1);
 413               		.loc 1 93 3 is_stmt 1 view .LVU82
 414 010a 00D0      		rcall ssd1306_stop
 415               	.LVL42:
  94:ssd1306xledtx.c **** 		ssd1306_start_data();
 416               		.loc 1 94 3 view .LVU83
 417 010c 61E0      		ldi r22,lo8(1)
 418 010e 6C0D      		add r22,r12
 419 0110 812F      		mov r24,r17
 420 0112 00D0      		rcall ssd1306_setpos
 421               	.LVL43:
  95:ssd1306xledtx.c **** 		for (uint8_t i = 0; i < 8; i++) {
 422               		.loc 1 95 3 view .LVU84
 423 0114 00D0      		rcall ssd1306_start_data
 424               	.LVL44:
  96:ssd1306xledtx.c **** 			ssd1306_data_byte(pgm_read_byte(&fron_src[j + i + 8]));
 425               		.loc 1 96 3 view .LVU85
 426               	.LBB7:
  96:ssd1306xledtx.c **** 			ssd1306_data_byte(pgm_read_byte(&fron_src[j + i + 8]));
 427               		.loc 1 96 8 view .LVU86
  96:ssd1306xledtx.c **** 			ssd1306_data_byte(pgm_read_byte(&fron_src[j + i + 8]));
 428               		.loc 1 96 8 is_stmt 0 view .LVU87
 429 0116 2896      		adiw r28,8
 430               	.LVL45:
  96:ssd1306xledtx.c **** 			ssd1306_data_byte(pgm_read_byte(&fron_src[j + i + 8]));
 431               		.loc 1 96 8 view .LVU88
 432 0118 CE0D      		add r28,r14
 433 011a DF1D      		adc r29,r15
 434               	.LVL46:
  96:ssd1306xledtx.c **** 			ssd1306_data_byte(pgm_read_byte(&fron_src[j + i + 8]));
 435               		.loc 1 96 8 view .LVU89
 436               	.LBE7:
  95:ssd1306xledtx.c **** 		for (uint8_t i = 0; i < 8; i++) {
 437               		.loc 1 95 3 view .LVU90
 438 011c 08E0      		ldi r16,lo8(8)
 439               	.LVL47:
 440               	.L14:
 441               	.LBB9:
  97:ssd1306xledtx.c **** 		}
 442               		.loc 1 97 4 is_stmt 1 discriminator 3 view .LVU91
 443               	.LBB8:
  97:ssd1306xledtx.c **** 		}
 444               		.loc 1 97 38 discriminator 3 view .LVU92
  97:ssd1306xledtx.c **** 		}
 445               		.loc 1 97 25 discriminator 3 view .LVU93
  97:ssd1306xledtx.c **** 		}
 446               		.loc 1 97 43 discriminator 3 view .LVU94
 447 011e FE01      		movw r30,r28
 448               	/* #APP */
 449               	 ;  97 "ssd1306xledtx.c" 1
 450 0120 8491      		lpm r24, Z
 451               		
 452               	 ;  0 "" 2
 453               	.LVL48:
  97:ssd1306xledtx.c **** 		}
 454               		.loc 1 97 123 discriminator 3 view .LVU95
 455               	/* #NOAPP */
 456               	.LBE8:
  97:ssd1306xledtx.c **** 		}
 457               		.loc 1 97 4 is_stmt 0 discriminator 3 view .LVU96
 458 0122 00D0      		rcall ssd1306_data_byte
 459               	.LVL49:
  97:ssd1306xledtx.c **** 		}
 460               		.loc 1 97 4 discriminator 3 view .LVU97
 461 0124 0150      		subi r16,lo8(-(-1))
 462 0126 2196      		adiw r28,1
 463               	.LVL50:
  96:ssd1306xledtx.c **** 			ssd1306_data_byte(pgm_read_byte(&fron_src[j + i + 8]));
 464               		.loc 1 96 3 discriminator 3 view .LVU98
 465 0128 0111      		cpse r16,__zero_reg__
 466 012a 00C0      		rjmp .L14
 467               	.LBE9:
  99:ssd1306xledtx.c **** 		x += 8;
 468               		.loc 1 99 3 is_stmt 1 view .LVU99
 469 012c 00D0      		rcall ssd1306_stop
 470               	.LVL51:
 100:ssd1306xledtx.c **** 		k++;
 471               		.loc 1 100 3 view .LVU100
 100:ssd1306xledtx.c **** 		k++;
 472               		.loc 1 100 5 is_stmt 0 view .LVU101
 473 012e 185F      		subi r17,lo8(-(8))
 474               	.LVL52:
 101:ssd1306xledtx.c **** 	}
 475               		.loc 1 101 3 is_stmt 1 view .LVU102
 101:ssd1306xledtx.c **** 	}
 476               		.loc 1 101 3 is_stmt 0 view .LVU103
 477 0130 00C0      		rjmp .L11
 478               		.cfi_endproc
 479               	.LFE10:
 481               		.comm	ssd1306_numdec_buffer,6,1
 482               		.comm	ssd1306tx_font_char_base,1,1
 483               		.comm	ssd1306tx_font_src,2,1
 484               	.Letext0:
 485               		.file 2 "/usr/local/Cellar/avr-gcc/9.1.0/avr/include/stdlib.h"
 486               		.file 3 "/usr/local/Cellar/avr-gcc/9.1.0/lib/avr-gcc/9/gcc/avr/9.1.0/include/stddef.h"
 487               		.file 4 "/usr/local/Cellar/avr-gcc/9.1.0/avr/include/stdint.h"
 488               		.file 5 "ssd1306xledtx.h"
 489               		.file 6 "ssd1306xled.h"
 490               		.file 7 "num2str.h"
DEFINED SYMBOLS
                            *ABS*:0000000000000000 ssd1306xledtx.c
     ssd1306xledtx.s:2      *ABS*:000000000000003e __SP_H__
     ssd1306xledtx.s:3      *ABS*:000000000000003d __SP_L__
     ssd1306xledtx.s:4      *ABS*:000000000000003f __SREG__
     ssd1306xledtx.s:5      *ABS*:0000000000000000 __tmp_reg__
     ssd1306xledtx.s:6      *ABS*:0000000000000001 __zero_reg__
     ssd1306xledtx.s:12     .text:0000000000000000 ssd1306tx_init
                            *COM*:0000000000000002 ssd1306tx_font_src
                            *COM*:0000000000000001 ssd1306tx_font_char_base
     ssd1306xledtx.s:37     .text:000000000000000e ssd1306tx_char
     ssd1306xledtx.s:144    .text:000000000000005a ssd1306tx_string
     ssd1306xledtx.s:191    .text:0000000000000070 ssd1306tx_numdec
                            *COM*:0000000000000006 ssd1306_numdec_buffer
     ssd1306xledtx.s:222    .text:0000000000000082 ssd1306tx_numdecp
     ssd1306xledtx.s:249    .text:0000000000000092 ssd1306tx_stringxy

UNDEFINED SYMBOLS
ssd1306_start_data
ssd1306_data_byte
ssd1306_stop
usint2decascii
ssd1306_setpos
__do_clear_bss
